2024.11.12 00:06:55 INFO  Started: Metals version 1.4.0+34-caf518ed-SNAPSHOT in folders 'C:\Users\epobi\Documents\GitHub\FP' for client Visual Studio Code 1.95.2.
нояб. 12, 2024 12:06:55 AM org.eclipse.lsp4j.jsonrpc.services.GenericEndpoint notify
INFO: Unsupported notification method: $/setTrace
2024.11.12 00:06:56 WARN  Flyway upgrade recommended: H2 2.3.232 is newer than this version of Flyway and support has not been tested. The latest supported version of H2 is 2.2.224.
2024.11.12 00:06:57 INFO  Attempting to connect to the build server...
2024.11.12 00:06:57 INFO  Found a Bloop server running
2024.11.12 00:06:58 INFO  tracing is disabled for protocol BSP, to enable tracing of incoming and outgoing JSON messages create an empty file at C:\Users\epobi\Documents\GitHub\FP\.metals\bsp.trace.json or C:\Users\epobi\AppData\Local\scalameta\metals\cache\bsp.trace.json
2024.11.12 00:06:58 INFO  time: Connected to build server in 1.33s
2024.11.12 00:06:58 INFO  Connected to Build server: Bloop v2.0.3
2024.11.12 00:06:58 INFO  time: Imported build in 0.22s
2024.11.12 00:06:58 INFO  running doctor check
2024.11.12 00:06:58 INFO  java targets: 
2024.11.12 00:07:04 WARN  Flyway upgrade recommended: H2 2.3.232 is newer than this version of Flyway and support has not been tested. The latest supported version of H2 is 2.2.224.
2024.11.12 00:07:04 INFO  time: indexed workspace in 6.16s
2024.11.12 00:07:19 ERROR SLF4J: Failed to load class "org.slf4j.impl.StaticLoggerBinder".
2024.11.12 00:07:19 ERROR SLF4J: Defaulting to no-operation (NOP) logger implementation
2024.11.12 00:07:19 ERROR SLF4J: See http://www.slf4j.org/codes.html#StaticLoggerBinder for further details.
2024.11.12 00:07:22 INFO  
2024.11.12 00:07:22 INFO  Template applied in C:\Users\epobi\Documents\GitHub\FP\.\lab2
2024.11.12 00:07:22 INFO  
2024.11.12 00:07:22 INFO  time: ran 'giter8.Giter8' in 4.49s
2024.11.12 00:07:23 INFO  Disconnecting from Bloop session...
2024.11.12 00:07:23 INFO  Shut down connection with build server.
2024.11.12 00:07:24 INFO  Attempting to connect to the build server...
2024.11.12 00:07:24 INFO  No running Bloop server found, starting one.
нояб. 12, 2024 12:07:26 AM org.eclipse.lsp4j.jsonrpc.services.GenericEndpoint notify
INFO: Unsupported notification method: $/setTrace
2024.11.12 00:07:29 INFO  Starting compilation server
2024.11.12 00:07:35 INFO  tracing is disabled for protocol BSP, to enable tracing of incoming and outgoing JSON messages create an empty file at C:\Users\epobi\Documents\GitHub\FP\.metals\bsp.trace.json or C:\Users\epobi\AppData\Local\scalameta\metals\cache\bsp.trace.json
2024.11.12 00:07:35 INFO  time: Connected to build server in 11s
2024.11.12 00:07:35 INFO  Connected to Build server: Bloop v2.0.5
2024.11.12 00:07:35 INFO  time: Imported build in 0.24s
2024.11.12 00:07:35 INFO  running doctor check
2024.11.12 00:07:35 INFO  java targets: 
2024.11.12 00:07:40 INFO  time: indexed workspace in 4.94s
2024.11.12 00:08:45 INFO  [0m[31m[E][0m Caught java.lang.InterruptedException
2024.11.12 00:08:45 ERROR Bloop 'bsp' command exited with code 1. Something may be wrong with the current configuration.
Running the [1mclean[0m sub-command to clear the working directory and remove caches might help.
If the error persists, please report the issue as a bug and attach a log with increased verbosity by passing [1m-v -v -v[0m.
2024.11.12 00:08:45 INFO  No running Bloop server found, starting one.
2024.11.12 00:08:47 INFO  Starting compilation server
2024.11.12 00:08:53 INFO  tracing is disabled for protocol BSP, to enable tracing of incoming and outgoing JSON messages create an empty file at C:\Users\epobi\Documents\GitHub\FP\.metals\bsp.trace.json or C:\Users\epobi\AppData\Local\scalameta\metals\cache\bsp.trace.json
2024.11.12 00:08:53 INFO  Connected to Build server: Bloop v2.0.5
2024.11.12 00:08:53 INFO  time: Imported build in 0.21s
2024.11.12 00:08:53 INFO  running doctor check
2024.11.12 00:08:53 INFO  java targets: 
2024.11.12 00:08:54 INFO  Shutting down server
2024.11.12 00:08:54 INFO  shutting down Metals
2024.11.12 00:08:54 INFO  Shut down connection with build server.
2024.11.12 00:08:54 INFO  Exiting server
